<?xml version="1.0" encoding="UTF-8"?>
<!-- Generated by org.testng.reporters.JUnitXMLReporter -->
<testsuite ignored="0" hostname="LTIN293038" failures="1" tests="14" name="Test" time="89.267" errors="0" timestamp="2024-03-05T11:27:53 IST">
  <testcase classname="automation.commerce.Register" name="VerifyRegisteringanAccountbyprovidingonlytheMandatoryfields" time="1.327"/>
  <testcase classname="automation.commerce.Register" name="VerifyRegisteringanAccountbyprovidingallthefields" time="1.208"/>
  <testcase classname="automation.commerce.Register" name="VerifyRegisteringanAccountbyprovidingtheexistingaccountdetails" time="0.962"/>
  <testcase classname="automation.commerce.Register" name="withoutprovideing" time="0.499"/>
  <testcase classname="automation.commerce.Loginwithvalidcerdientials" name="Login" time="0.794"/>
  <testcase classname="automation.commerce.Loginwithvalidcerdientials" name="Login" time="0.69"/>
  <testcase classname="automation.commerce.Loginwithvalidcerdientials" name="Login" time="0.832"/>
  <testcase classname="automation.commerce.Loginwithvalidcerdientials" name="invalidLogin" time="0.759"/>
  <testcase classname="automation.commerce.Loginwithvalidcerdientials" name="invalidLoginWithinvalidemail" time="0.658"/>
  <testcase classname="automation.commerce.Loginwithvalidcerdientials" name="invalidLoginWithinvalidpassword" time="0.684"/>
  <testcase classname="automation.commerce.Loginwithvalidcerdientials" name="withoutprovidingcreditinals" time="0.482"/>
  <testcase classname="automation.commerce.Search" name="VerifysearchWithValidProduct" time="0.433"/>
  <testcase classname="automation.commerce.Search" name="VerifySearchwithinvalidproduct" time="0.419">
    <failure type="java.lang.AssertionError" message="No product messege in search result is not displayed expected [abcd] but found [There is no product that matches the search criteria.]">
      <![CDATA[java.lang.AssertionError: No product messege in search result is not displayed expected [abcd] but found [There is no product that matches the search criteria.]
at automation.commerce.Search.VerifySearchwithinvalidproduct(Search.java:60)
at java.base/java.util.ArrayList.forEach(ArrayList.java:1511)
... Removed 30 stack frames]]>
    </failure>
  </testcase> <!-- VerifySearchwithinvalidproduct -->
  <testcase classname="automation.commerce.Search" name="verifySearchwithoutAnyProduct" time="0.0">
    <skipped/>
  </testcase> <!-- verifySearchwithoutAnyProduct -->
</testsuite> <!-- Test -->
