<html>
<head>
<title>TestNG:  Test</title>
<link href="../testng.css" rel="stylesheet" type="text/css" />
<link href="../my-testng.css" rel="stylesheet" type="text/css" />

<style type="text/css">
.log { display: none;} 
.stack-trace { display: none;} 
</style>
<script type="text/javascript">
<!--
function flip(e) {
  current = e.style.display;
  if (current == 'block') {
    e.style.display = 'none';
    return 0;
  }
  else {
    e.style.display = 'block';
    return 1;
  }
}

function toggleBox(szDivId, elem, msg1, msg2)
{
  var res = -1;  if (document.getElementById) {
    res = flip(document.getElementById(szDivId));
  }
  else if (document.all) {
    // this is the way old msie versions work
    res = flip(document.all[szDivId]);
  }
  if(elem) {
    if(res == 0) elem.innerHTML = msg1; else elem.innerHTML = msg2;
  }

}

function toggleAllBoxes() {
  if (document.getElementsByTagName) {
    d = document.getElementsByTagName('div');
    for (i = 0; i < d.length; i++) {
      if (d[i].className == 'log') {
        flip(d[i]);
      }
    }
  }
}

// -->
</script>

</head>
<body>
<h2 align='center'>Test</h2><table border='1' align="center">
<tr>
<td>Tests passed/Failed/Skipped:</td><td>12/1/1</td>
</tr><tr>
<td>Started on:</td><td>Tue Mar 05 11:26:23 IST 2024</td>
</tr>
<tr><td>Total time:</td><td>89 seconds (89267 ms)</td>
</tr><tr>
<td>Included groups:</td><td></td>
</tr><tr>
<td>Excluded groups:</td><td></td>
</tr>
</table><p/>
<small><i>(Hover the method name to see the test class name)</i></small><p/>
<table width='100%' border='1' class='invocation-failed'>
<tr><td colspan='4' align='center'><b>FAILED TESTS</b></td></tr>
<tr><td><b>Test method</b></td>
<td><b>Attribute(s)</b></td>
<td width="30%"><b>Exception</b></td>
<td width="10%"><b>Time (seconds)</b></td>
<td><b>Instance</b></td>
</tr>
<tr>
<td title='automation.commerce.Search.VerifySearchwithinvalidproduct()'><b>VerifySearchwithinvalidproduct</b><br>Test class: automation.commerce.Search</td>
<td><div><pre>java.lang.AssertionError: No product messege in search result is not displayed expected [abcd] but found [There is no product that matches the search criteria.]
	at automation.commerce.Search.VerifySearchwithinvalidproduct(Search.java:60)
	at java.base/java.util.ArrayList.forEach(ArrayList.java:1511)
... Removed 30 stack frames</pre></div><a href='#' onClick='toggleBox("stack-trace1186361374", this, "Click to show all stack frames", "Click to hide stack frames")'>Click to show all stack frames</a>
<div class='stack-trace' id='stack-trace1186361374'><pre>java.lang.AssertionError: No product messege in search result is not displayed expected [abcd] but found [There is no product that matches the search criteria.]
	at org.testng.Assert.fail(Assert.java:111)
	at org.testng.Assert.failNotEquals(Assert.java:1578)
	at org.testng.Assert.assertEqualsImpl(Assert.java:150)
	at org.testng.Assert.assertEquals(Assert.java:132)
	at org.testng.Assert.assertEquals(Assert.java:656)
	at automation.commerce.Search.VerifySearchwithinvalidproduct(Search.java:60)
	at java.base/jdk.internal.reflect.DirectMethodHandleAccessor.invoke(DirectMethodHandleAccessor.java:104)
	at java.base/java.lang.reflect.Method.invoke(Method.java:578)
	at org.testng.internal.invokers.MethodInvocationHelper.invokeMethod(MethodInvocationHelper.java:139)
	at org.testng.internal.invokers.TestInvoker.invokeMethod(TestInvoker.java:664)
	at org.testng.internal.invokers.TestInvoker.invokeTestMethod(TestInvoker.java:228)
	at org.testng.internal.invokers.MethodRunner.runInSequence(MethodRunner.java:63)
	at org.testng.internal.invokers.TestInvoker$MethodInvocationAgent.invoke(TestInvoker.java:961)
	at org.testng.internal.invokers.TestInvoker.invokeTestMethods(TestInvoker.java:201)
	at org.testng.internal.invokers.TestMethodWorker.invokeTestMethods(TestMethodWorker.java:148)
	at org.testng.internal.invokers.TestMethodWorker.run(TestMethodWorker.java:128)
	at java.base/java.util.ArrayList.forEach(ArrayList.java:1511)
	at org.testng.TestRunner.privateRun(TestRunner.java:819)
	at org.testng.TestRunner.run(TestRunner.java:619)
	at org.testng.SuiteRunner.runTest(SuiteRunner.java:443)
	at org.testng.SuiteRunner.runSequentially(SuiteRunner.java:437)
	at org.testng.SuiteRunner.privateRun(SuiteRunner.java:397)
	at org.testng.SuiteRunner.run(SuiteRunner.java:336)
	at org.testng.SuiteRunnerWorker.runSuite(SuiteRunnerWorker.java:52)
	at org.testng.SuiteRunnerWorker.run(SuiteRunnerWorker.java:95)
	at org.testng.TestNG.runSuitesSequentially(TestNG.java:1301)
	at org.testng.TestNG.runSuitesLocally(TestNG.java:1228)
	at org.testng.TestNG.runSuites(TestNG.java:1134)
	at org.testng.TestNG.run(TestNG.java:1101)
	at org.testng.remote.AbstractRemoteTestNG.run(AbstractRemoteTestNG.java:115)
	at org.testng.remote.RemoteTestNG.initAndRun(RemoteTestNG.java:251)
	at org.testng.remote.RemoteTestNG.main(RemoteTestNG.java:77)
</pre></div></td>
<td>0</td>
<td>automation.commerce.Search@268f106e</td></tr>
</table><p>
<table width='100%' border='1' class='invocation-passed'>
<tr><td colspan='4' align='center'><b>PASSED TESTS</b></td></tr>
<tr><td><b>Test method</b></td>
<td><b>Attribute(s)</b></td>
<td width="30%"><b>Exception</b></td>
<td width="10%"><b>Time (seconds)</b></td>
<td><b>Instance</b></td>
</tr>
<tr>
<td title='automation.commerce.Loginwithvalidcerdientials.invalidLogin()'><b>invalidLogin</b><br>Test class: automation.commerce.Loginwithvalidcerdientials</td>
<td></td>
<td>0</td>
<td>automation.commerce.Loginwithvalidcerdientials@7ce69770</td></tr>
<tr>
<td title='automation.commerce.Search.VerifysearchWithValidProduct()'><b>VerifysearchWithValidProduct</b><br>Test class: automation.commerce.Search</td>
<td></td>
<td>0</td>
<td>automation.commerce.Search@268f106e</td></tr>
<tr>
<td title='automation.commerce.Loginwithvalidcerdientials.withoutprovidingcreditinals()'><b>withoutprovidingcreditinals</b><br>Test class: automation.commerce.Loginwithvalidcerdientials</td>
<td></td>
<td>0</td>
<td>automation.commerce.Loginwithvalidcerdientials@7ce69770</td></tr>
<tr>
<td title='automation.commerce.Loginwithvalidcerdientials.invalidLoginWithinvalidemail()'><b>invalidLoginWithinvalidemail</b><br>Test class: automation.commerce.Loginwithvalidcerdientials</td>
<td></td>
<td>0</td>
<td>automation.commerce.Loginwithvalidcerdientials@7ce69770</td></tr>
<tr>
<td title='automation.commerce.Register.withoutprovideing()'><b>withoutprovideing</b><br>Test class: automation.commerce.Register</td>
<td></td>
<td>0</td>
<td>automation.commerce.Register@3b0fe47a</td></tr>
<tr>
<td title='automation.commerce.Loginwithvalidcerdientials.Login()'><b>Login</b><br>Test class: automation.commerce.Loginwithvalidcerdientials<br>Parameters: prabhas@gmail.com, abc123</td>
<td></td>
<td>0</td>
<td>automation.commerce.Loginwithvalidcerdientials@7ce69770</td></tr>
<tr>
<td title='automation.commerce.Register.VerifyRegisteringanAccountbyprovidingtheexistingaccountdetails()'><b>VerifyRegisteringanAccountbyprovidingtheexistingaccountdetails</b><br>Test class: automation.commerce.Register</td>
<td></td>
<td>0</td>
<td>automation.commerce.Register@3b0fe47a</td></tr>
<tr>
<td title='automation.commerce.Loginwithvalidcerdientials.Login()'><b>Login</b><br>Test class: automation.commerce.Loginwithvalidcerdientials<br>Parameters: 123467899@gmail.com, snk234</td>
<td></td>
<td>0</td>
<td>automation.commerce.Loginwithvalidcerdientials@7ce69770</td></tr>
<tr>
<td title='automation.commerce.Register.VerifyRegisteringanAccountbyprovidingonlytheMandatoryfields()'><b>VerifyRegisteringanAccountbyprovidingonlytheMandatoryfields</b><br>Test class: automation.commerce.Register</td>
<td></td>
<td>1</td>
<td>automation.commerce.Register@3b0fe47a</td></tr>
<tr>
<td title='automation.commerce.Loginwithvalidcerdientials.Login()'><b>Login</b><br>Test class: automation.commerce.Loginwithvalidcerdientials<br>Parameters: amotooricap1@gmail.com, 12345</td>
<td></td>
<td>0</td>
<td>automation.commerce.Loginwithvalidcerdientials@7ce69770</td></tr>
<tr>
<td title='automation.commerce.Register.VerifyRegisteringanAccountbyprovidingallthefields()'><b>VerifyRegisteringanAccountbyprovidingallthefields</b><br>Test class: automation.commerce.Register</td>
<td></td>
<td>1</td>
<td>automation.commerce.Register@3b0fe47a</td></tr>
<tr>
<td title='automation.commerce.Loginwithvalidcerdientials.invalidLoginWithinvalidpassword()'><b>invalidLoginWithinvalidpassword</b><br>Test class: automation.commerce.Loginwithvalidcerdientials</td>
<td></td>
<td>0</td>
<td>automation.commerce.Loginwithvalidcerdientials@7ce69770</td></tr>
</table><p>
<table width='100%' border='1' class='invocation-skipped'>
<tr><td colspan='4' align='center'><b>SKIPPED TESTS</b></td></tr>
<tr><td><b>Test method</b></td>
<td><b>Attribute(s)</b></td>
<td width="30%"><b>Exception</b></td>
<td width="10%"><b>Time (seconds)</b></td>
<td><b>Instance</b></td>
</tr>
<tr>
<td title='automation.commerce.Search.verifySearchwithoutAnyProduct()'><b>verifySearchwithoutAnyProduct</b><br>Test class: automation.commerce.Search</td>
<td><div><pre>java.lang.Throwable: Method automation.commerce.Search.verifySearchwithoutAnyProduct() on instance automation.commerce.Search@268f106e depends on not successfully finished methods 
[automation.commerce.Search.VerifysearchWithValidProduct() on instance automation.commerce.Search@268f106e
automation.commerce.Search.VerifySearchwithinvalidproduct() on instance automation.commerce.Search@268f106e]
	at java.base/java.util.ArrayList.forEach(ArrayList.java:1511)
... Removed 18 stack frames</pre></div><a href='#' onClick='toggleBox("stack-trace43734323", this, "Click to show all stack frames", "Click to hide stack frames")'>Click to show all stack frames</a>
<div class='stack-trace' id='stack-trace43734323'><pre>java.lang.Throwable: Method automation.commerce.Search.verifySearchwithoutAnyProduct() on instance automation.commerce.Search@268f106e depends on not successfully finished methods 
[automation.commerce.Search.VerifysearchWithValidProduct() on instance automation.commerce.Search@268f106e
automation.commerce.Search.VerifySearchwithinvalidproduct() on instance automation.commerce.Search@268f106e]
	at org.testng.internal.invokers.TestInvoker.invokeTestMethods(TestInvoker.java:157)
	at org.testng.internal.invokers.TestMethodWorker.invokeTestMethods(TestMethodWorker.java:148)
	at org.testng.internal.invokers.TestMethodWorker.run(TestMethodWorker.java:128)
	at java.base/java.util.ArrayList.forEach(ArrayList.java:1511)
	at org.testng.TestRunner.privateRun(TestRunner.java:819)
	at org.testng.TestRunner.run(TestRunner.java:619)
	at org.testng.SuiteRunner.runTest(SuiteRunner.java:443)
	at org.testng.SuiteRunner.runSequentially(SuiteRunner.java:437)
	at org.testng.SuiteRunner.privateRun(SuiteRunner.java:397)
	at org.testng.SuiteRunner.run(SuiteRunner.java:336)
	at org.testng.SuiteRunnerWorker.runSuite(SuiteRunnerWorker.java:52)
	at org.testng.SuiteRunnerWorker.run(SuiteRunnerWorker.java:95)
	at org.testng.TestNG.runSuitesSequentially(TestNG.java:1301)
	at org.testng.TestNG.runSuitesLocally(TestNG.java:1228)
	at org.testng.TestNG.runSuites(TestNG.java:1134)
	at org.testng.TestNG.run(TestNG.java:1101)
	at org.testng.remote.AbstractRemoteTestNG.run(AbstractRemoteTestNG.java:115)
	at org.testng.remote.RemoteTestNG.initAndRun(RemoteTestNG.java:251)
	at org.testng.remote.RemoteTestNG.main(RemoteTestNG.java:77)
</pre></div></td>
<td>0</td>
<td>automation.commerce.Search@268f106e</td></tr>
</table><p>
</body>
</html>