<?xml version="1.0" encoding="UTF-8"?>
<testng-results ignored="0" total="14" passed="12" failed="1" skipped="1">
  <reporter-output>
  </reporter-output>
  <suite started-at="2024-03-05T11:26:23 IST" name="Suite" finished-at="2024-03-05T11:27:52 IST" duration-ms="89267">
    <groups>
    </groups>
    <test started-at="2024-03-05T11:26:23 IST" name="Test" finished-at="2024-03-05T11:27:52 IST" duration-ms="89267">
      <class name="automation.commerce.Loginwithvalidcerdientials">
        <test-method is-config="true" signature="Setup()[pri:0, instance:automation.commerce.Loginwithvalidcerdientials@7ce69770]" started-at="2024-03-05T11:26:53 IST" name="Setup" finished-at="2024-03-05T11:26:57 IST" duration-ms="4593" status="PASS">
          <reporter-output>
          </reporter-output>
        </test-method> <!-- Setup -->
        <test-method signature="Login(java.lang.String,java.lang.String)[pri:1, instance:automation.commerce.Loginwithvalidcerdientials@7ce69770]" started-at="2024-03-05T11:26:57 IST" name="Login" data-provider="validcred" finished-at="2024-03-05T11:26:58 IST" duration-ms="794" status="PASS">
          <params>
            <param index="0">
              <value>
                <![CDATA[123467899@gmail.com]]>
              </value>
            </param>
            <param index="1">
              <value>
                <![CDATA[snk234]]>
              </value>
            </param>
          </params>
          <reporter-output>
          </reporter-output>
        </test-method> <!-- Login -->
        <test-method is-config="true" signature="teardown()[pri:0, instance:automation.commerce.Loginwithvalidcerdientials@7ce69770]" started-at="2024-03-05T11:26:58 IST" name="teardown" finished-at="2024-03-05T11:26:59 IST" duration-ms="1101" status="PASS">
          <reporter-output>
          </reporter-output>
        </test-method> <!-- teardown -->
        <test-method is-config="true" signature="Setup()[pri:0, instance:automation.commerce.Loginwithvalidcerdientials@7ce69770]" started-at="2024-03-05T11:26:59 IST" name="Setup" finished-at="2024-03-05T11:27:04 IST" duration-ms="4698" status="PASS">
          <reporter-output>
          </reporter-output>
        </test-method> <!-- Setup -->
        <test-method signature="Login(java.lang.String,java.lang.String)[pri:1, instance:automation.commerce.Loginwithvalidcerdientials@7ce69770]" started-at="2024-03-05T11:27:04 IST" name="Login" data-provider="validcred" finished-at="2024-03-05T11:27:05 IST" duration-ms="690" status="PASS">
          <params>
            <param index="0">
              <value>
                <![CDATA[prabhas@gmail.com]]>
              </value>
            </param>
            <param index="1">
              <value>
                <![CDATA[abc123]]>
              </value>
            </param>
          </params>
          <reporter-output>
          </reporter-output>
        </test-method> <!-- Login -->
        <test-method is-config="true" signature="teardown()[pri:0, instance:automation.commerce.Loginwithvalidcerdientials@7ce69770]" started-at="2024-03-05T11:27:05 IST" name="teardown" finished-at="2024-03-05T11:27:06 IST" duration-ms="1090" status="PASS">
          <reporter-output>
          </reporter-output>
        </test-method> <!-- teardown -->
        <test-method is-config="true" signature="Setup()[pri:0, instance:automation.commerce.Loginwithvalidcerdientials@7ce69770]" started-at="2024-03-05T11:27:06 IST" name="Setup" finished-at="2024-03-05T11:27:11 IST" duration-ms="5076" status="PASS">
          <reporter-output>
          </reporter-output>
        </test-method> <!-- Setup -->
        <test-method signature="Login(java.lang.String,java.lang.String)[pri:1, instance:automation.commerce.Loginwithvalidcerdientials@7ce69770]" started-at="2024-03-05T11:27:11 IST" name="Login" data-provider="validcred" finished-at="2024-03-05T11:27:12 IST" duration-ms="832" status="PASS">
          <params>
            <param index="0">
              <value>
                <![CDATA[amotooricap1@gmail.com]]>
              </value>
            </param>
            <param index="1">
              <value>
                <![CDATA[12345]]>
              </value>
            </param>
          </params>
          <reporter-output>
          </reporter-output>
        </test-method> <!-- Login -->
        <test-method is-config="true" signature="teardown()[pri:0, instance:automation.commerce.Loginwithvalidcerdientials@7ce69770]" started-at="2024-03-05T11:27:12 IST" name="teardown" finished-at="2024-03-05T11:27:13 IST" duration-ms="1088" status="PASS">
          <reporter-output>
          </reporter-output>
        </test-method> <!-- teardown -->
        <test-method is-config="true" signature="Setup()[pri:0, instance:automation.commerce.Loginwithvalidcerdientials@7ce69770]" started-at="2024-03-05T11:27:13 IST" name="Setup" finished-at="2024-03-05T11:27:17 IST" duration-ms="4694" status="PASS">
          <reporter-output>
          </reporter-output>
        </test-method> <!-- Setup -->
        <test-method signature="invalidLogin()[pri:2, instance:automation.commerce.Loginwithvalidcerdientials@7ce69770]" started-at="2024-03-05T11:27:17 IST" name="invalidLogin" finished-at="2024-03-05T11:27:18 IST" duration-ms="759" status="PASS">
          <reporter-output>
          </reporter-output>
        </test-method> <!-- invalidLogin -->
        <test-method is-config="true" signature="teardown()[pri:0, instance:automation.commerce.Loginwithvalidcerdientials@7ce69770]" started-at="2024-03-05T11:27:18 IST" name="teardown" finished-at="2024-03-05T11:27:19 IST" duration-ms="1109" status="PASS">
          <reporter-output>
          </reporter-output>
        </test-method> <!-- teardown -->
        <test-method is-config="true" signature="Setup()[pri:0, instance:automation.commerce.Loginwithvalidcerdientials@7ce69770]" started-at="2024-03-05T11:27:19 IST" name="Setup" finished-at="2024-03-05T11:27:25 IST" duration-ms="5969" status="PASS">
          <reporter-output>
          </reporter-output>
        </test-method> <!-- Setup -->
        <test-method signature="invalidLoginWithinvalidemail()[pri:3, instance:automation.commerce.Loginwithvalidcerdientials@7ce69770]" started-at="2024-03-05T11:27:25 IST" name="invalidLoginWithinvalidemail" finished-at="2024-03-05T11:27:26 IST" duration-ms="658" status="PASS">
          <reporter-output>
          </reporter-output>
        </test-method> <!-- invalidLoginWithinvalidemail -->
        <test-method is-config="true" signature="teardown()[pri:0, instance:automation.commerce.Loginwithvalidcerdientials@7ce69770]" started-at="2024-03-05T11:27:26 IST" name="teardown" finished-at="2024-03-05T11:27:27 IST" duration-ms="1085" status="PASS">
          <reporter-output>
          </reporter-output>
        </test-method> <!-- teardown -->
        <test-method is-config="true" signature="Setup()[pri:0, instance:automation.commerce.Loginwithvalidcerdientials@7ce69770]" started-at="2024-03-05T11:27:27 IST" name="Setup" finished-at="2024-03-05T11:27:32 IST" duration-ms="4829" status="PASS">
          <reporter-output>
          </reporter-output>
        </test-method> <!-- Setup -->
        <test-method signature="invalidLoginWithinvalidpassword()[pri:4, instance:automation.commerce.Loginwithvalidcerdientials@7ce69770]" started-at="2024-03-05T11:27:32 IST" name="invalidLoginWithinvalidpassword" finished-at="2024-03-05T11:27:32 IST" duration-ms="684" status="PASS">
          <reporter-output>
          </reporter-output>
        </test-method> <!-- invalidLoginWithinvalidpassword -->
        <test-method is-config="true" signature="teardown()[pri:0, instance:automation.commerce.Loginwithvalidcerdientials@7ce69770]" started-at="2024-03-05T11:27:32 IST" name="teardown" finished-at="2024-03-05T11:27:33 IST" duration-ms="1092" status="PASS">
          <reporter-output>
          </reporter-output>
        </test-method> <!-- teardown -->
        <test-method is-config="true" signature="Setup()[pri:0, instance:automation.commerce.Loginwithvalidcerdientials@7ce69770]" started-at="2024-03-05T11:27:33 IST" name="Setup" finished-at="2024-03-05T11:27:39 IST" duration-ms="5168" status="PASS">
          <reporter-output>
          </reporter-output>
        </test-method> <!-- Setup -->
        <test-method signature="withoutprovidingcreditinals()[pri:5, instance:automation.commerce.Loginwithvalidcerdientials@7ce69770]" started-at="2024-03-05T11:27:39 IST" name="withoutprovidingcreditinals" finished-at="2024-03-05T11:27:39 IST" duration-ms="482" status="PASS">
          <reporter-output>
          </reporter-output>
        </test-method> <!-- withoutprovidingcreditinals -->
        <test-method is-config="true" signature="teardown()[pri:0, instance:automation.commerce.Loginwithvalidcerdientials@7ce69770]" started-at="2024-03-05T11:27:39 IST" name="teardown" finished-at="2024-03-05T11:27:40 IST" duration-ms="1068" status="PASS">
          <reporter-output>
          </reporter-output>
        </test-method> <!-- teardown -->
      </class> <!-- automation.commerce.Loginwithvalidcerdientials -->
      <class name="automation.commerce.Search">
        <test-method is-config="true" signature="Setup()[pri:0, instance:automation.commerce.Search@268f106e]" started-at="2024-03-05T11:27:40 IST" name="Setup" finished-at="2024-03-05T11:27:44 IST" duration-ms="4292" status="PASS">
          <reporter-output>
          </reporter-output>
        </test-method> <!-- Setup -->
        <test-method signature="VerifysearchWithValidProduct()[pri:1, instance:automation.commerce.Search@268f106e]" started-at="2024-03-05T11:27:44 IST" name="VerifysearchWithValidProduct" finished-at="2024-03-05T11:27:45 IST" duration-ms="433" status="PASS">
          <reporter-output>
          </reporter-output>
        </test-method> <!-- VerifysearchWithValidProduct -->
        <test-method is-config="true" signature="teardown()[pri:0, instance:automation.commerce.Search@268f106e]" started-at="2024-03-05T11:27:45 IST" name="teardown" finished-at="2024-03-05T11:27:46 IST" duration-ms="1114" status="PASS">
          <reporter-output>
          </reporter-output>
        </test-method> <!-- teardown -->
        <test-method is-config="true" signature="Setup()[pri:0, instance:automation.commerce.Search@268f106e]" started-at="2024-03-05T11:27:46 IST" name="Setup" finished-at="2024-03-05T11:27:50 IST" duration-ms="4360" status="PASS">
          <reporter-output>
          </reporter-output>
        </test-method> <!-- Setup -->
        <test-method signature="VerifySearchwithinvalidproduct()[pri:2, instance:automation.commerce.Search@268f106e]" started-at="2024-03-05T11:27:50 IST" name="VerifySearchwithinvalidproduct" finished-at="2024-03-05T11:27:51 IST" duration-ms="419" status="FAIL">
          <exception class="java.lang.AssertionError">
            <message>
              <![CDATA[No product messege in search result is not displayed expected [abcd] but found [There is no product that matches the search criteria.]]]>
            </message>
            <full-stacktrace>
              <![CDATA[java.lang.AssertionError: No product messege in search result is not displayed expected [abcd] but found [There is no product that matches the search criteria.]
at org.testng.Assert.fail(Assert.java:111)
at org.testng.Assert.failNotEquals(Assert.java:1578)
at org.testng.Assert.assertEqualsImpl(Assert.java:150)
at org.testng.Assert.assertEquals(Assert.java:132)
at org.testng.Assert.assertEquals(Assert.java:656)
at automation.commerce.Search.VerifySearchwithinvalidproduct(Search.java:60)
at java.base/jdk.internal.reflect.DirectMethodHandleAccessor.invoke(DirectMethodHandleAccessor.java:104)
at java.base/java.lang.reflect.Method.invoke(Method.java:578)
at org.testng.internal.invokers.MethodInvocationHelper.invokeMethod(MethodInvocationHelper.java:139)
at org.testng.internal.invokers.TestInvoker.invokeMethod(TestInvoker.java:664)
at org.testng.internal.invokers.TestInvoker.invokeTestMethod(TestInvoker.java:228)
at org.testng.internal.invokers.MethodRunner.runInSequence(MethodRunner.java:63)
at org.testng.internal.invokers.TestInvoker$MethodInvocationAgent.invoke(TestInvoker.java:961)
at org.testng.internal.invokers.TestInvoker.invokeTestMethods(TestInvoker.java:201)
at org.testng.internal.invokers.TestMethodWorker.invokeTestMethods(TestMethodWorker.java:148)
at org.testng.internal.invokers.TestMethodWorker.run(TestMethodWorker.java:128)
at java.base/java.util.ArrayList.forEach(ArrayList.java:1511)
at org.testng.TestRunner.privateRun(TestRunner.java:819)
at org.testng.TestRunner.run(TestRunner.java:619)
at org.testng.SuiteRunner.runTest(SuiteRunner.java:443)
at org.testng.SuiteRunner.runSequentially(SuiteRunner.java:437)
at org.testng.SuiteRunner.privateRun(SuiteRunner.java:397)
at org.testng.SuiteRunner.run(SuiteRunner.java:336)
at org.testng.SuiteRunnerWorker.runSuite(SuiteRunnerWorker.java:52)
at org.testng.SuiteRunnerWorker.run(SuiteRunnerWorker.java:95)
at org.testng.TestNG.runSuitesSequentially(TestNG.java:1301)
at org.testng.TestNG.runSuitesLocally(TestNG.java:1228)
at org.testng.TestNG.runSuites(TestNG.java:1134)
at org.testng.TestNG.run(TestNG.java:1101)
at org.testng.remote.AbstractRemoteTestNG.run(AbstractRemoteTestNG.java:115)
at org.testng.remote.RemoteTestNG.initAndRun(RemoteTestNG.java:251)
at org.testng.remote.RemoteTestNG.main(RemoteTestNG.java:77)
]]>
            </full-stacktrace>
          </exception> <!-- java.lang.AssertionError -->
          <reporter-output>
          </reporter-output>
        </test-method> <!-- VerifySearchwithinvalidproduct -->
        <test-method is-config="true" signature="teardown()[pri:0, instance:automation.commerce.Search@268f106e]" started-at="2024-03-05T11:27:51 IST" name="teardown" finished-at="2024-03-05T11:27:52 IST" duration-ms="1120" status="PASS">
          <reporter-output>
          </reporter-output>
        </test-method> <!-- teardown -->
        <test-method signature="verifySearchwithoutAnyProduct()[pri:3, instance:automation.commerce.Search@268f106e]" started-at="2024-03-05T11:27:52 IST" name="verifySearchwithoutAnyProduct" finished-at="2024-03-05T11:27:52 IST" depends-on-methods="automation.commerce.Search.VerifysearchWithValidProduct, automation.commerce.Search.VerifySearchwithinvalidproduct" duration-ms="0" status="SKIP">
          <exception class="java.lang.Throwable">
            <message>
              <![CDATA[Method automation.commerce.Search.verifySearchwithoutAnyProduct() on instance automation.commerce.Search@268f106e depends on not successfully finished methods 
[automation.commerce.Search.VerifysearchWithValidProduct() on instance automation.commerce.Search@268f106e
automation.commerce.Search.VerifySearchwithinvalidproduct() on instance automation.commerce.Search@268f106e]]]>
            </message>
            <full-stacktrace>
              <![CDATA[java.lang.Throwable: Method automation.commerce.Search.verifySearchwithoutAnyProduct() on instance automation.commerce.Search@268f106e depends on not successfully finished methods 
[automation.commerce.Search.VerifysearchWithValidProduct() on instance automation.commerce.Search@268f106e
automation.commerce.Search.VerifySearchwithinvalidproduct() on instance automation.commerce.Search@268f106e]
at org.testng.internal.invokers.TestInvoker.invokeTestMethods(TestInvoker.java:157)
at org.testng.internal.invokers.TestMethodWorker.invokeTestMethods(TestMethodWorker.java:148)
at org.testng.internal.invokers.TestMethodWorker.run(TestMethodWorker.java:128)
at java.base/java.util.ArrayList.forEach(ArrayList.java:1511)
at org.testng.TestRunner.privateRun(TestRunner.java:819)
at org.testng.TestRunner.run(TestRunner.java:619)
at org.testng.SuiteRunner.runTest(SuiteRunner.java:443)
at org.testng.SuiteRunner.runSequentially(SuiteRunner.java:437)
at org.testng.SuiteRunner.privateRun(SuiteRunner.java:397)
at org.testng.SuiteRunner.run(SuiteRunner.java:336)
at org.testng.SuiteRunnerWorker.runSuite(SuiteRunnerWorker.java:52)
at org.testng.SuiteRunnerWorker.run(SuiteRunnerWorker.java:95)
at org.testng.TestNG.runSuitesSequentially(TestNG.java:1301)
at org.testng.TestNG.runSuitesLocally(TestNG.java:1228)
at org.testng.TestNG.runSuites(TestNG.java:1134)
at org.testng.TestNG.run(TestNG.java:1101)
at org.testng.remote.AbstractRemoteTestNG.run(AbstractRemoteTestNG.java:115)
at org.testng.remote.RemoteTestNG.initAndRun(RemoteTestNG.java:251)
at org.testng.remote.RemoteTestNG.main(RemoteTestNG.java:77)
]]>
            </full-stacktrace>
          </exception> <!-- java.lang.Throwable -->
          <reporter-output>
          </reporter-output>
        </test-method> <!-- verifySearchwithoutAnyProduct -->
      </class> <!-- automation.commerce.Search -->
      <class name="automation.commerce.Register">
        <test-method is-config="true" signature="Setup()[pri:0, instance:automation.commerce.Register@3b0fe47a]" started-at="2024-03-05T11:26:23 IST" name="Setup" finished-at="2024-03-05T11:26:29 IST" duration-ms="5898" status="PASS">
          <reporter-output>
          </reporter-output>
        </test-method> <!-- Setup -->
        <test-method signature="VerifyRegisteringanAccountbyprovidingonlytheMandatoryfields()[pri:1, instance:automation.commerce.Register@3b0fe47a]" started-at="2024-03-05T11:26:29 IST" name="VerifyRegisteringanAccountbyprovidingonlytheMandatoryfields" finished-at="2024-03-05T11:26:31 IST" duration-ms="1327" status="PASS">
          <reporter-output>
          </reporter-output>
        </test-method> <!-- VerifyRegisteringanAccountbyprovidingonlytheMandatoryfields -->
        <test-method is-config="true" signature="teardown()[pri:0, instance:automation.commerce.Register@3b0fe47a]" started-at="2024-03-05T11:26:31 IST" name="teardown" finished-at="2024-03-05T11:26:32 IST" duration-ms="1169" status="PASS">
          <reporter-output>
          </reporter-output>
        </test-method> <!-- teardown -->
        <test-method is-config="true" signature="Setup()[pri:0, instance:automation.commerce.Register@3b0fe47a]" started-at="2024-03-05T11:26:32 IST" name="Setup" finished-at="2024-03-05T11:26:37 IST" duration-ms="4826" status="PASS">
          <reporter-output>
          </reporter-output>
        </test-method> <!-- Setup -->
        <test-method signature="VerifyRegisteringanAccountbyprovidingallthefields()[pri:2, instance:automation.commerce.Register@3b0fe47a]" started-at="2024-03-05T11:26:37 IST" name="VerifyRegisteringanAccountbyprovidingallthefields" finished-at="2024-03-05T11:26:38 IST" duration-ms="1208" status="PASS">
          <reporter-output>
          </reporter-output>
        </test-method> <!-- VerifyRegisteringanAccountbyprovidingallthefields -->
        <test-method is-config="true" signature="teardown()[pri:0, instance:automation.commerce.Register@3b0fe47a]" started-at="2024-03-05T11:26:38 IST" name="teardown" finished-at="2024-03-05T11:26:39 IST" duration-ms="1104" status="PASS">
          <reporter-output>
          </reporter-output>
        </test-method> <!-- teardown -->
        <test-method is-config="true" signature="Setup()[pri:0, instance:automation.commerce.Register@3b0fe47a]" started-at="2024-03-05T11:26:39 IST" name="Setup" finished-at="2024-03-05T11:26:44 IST" duration-ms="4881" status="PASS">
          <reporter-output>
          </reporter-output>
        </test-method> <!-- Setup -->
        <test-method signature="VerifyRegisteringanAccountbyprovidingtheexistingaccountdetails()[pri:3, instance:automation.commerce.Register@3b0fe47a]" started-at="2024-03-05T11:26:44 IST" name="VerifyRegisteringanAccountbyprovidingtheexistingaccountdetails" finished-at="2024-03-05T11:26:45 IST" duration-ms="962" status="PASS">
          <reporter-output>
          </reporter-output>
        </test-method> <!-- VerifyRegisteringanAccountbyprovidingtheexistingaccountdetails -->
        <test-method is-config="true" signature="teardown()[pri:0, instance:automation.commerce.Register@3b0fe47a]" started-at="2024-03-05T11:26:45 IST" name="teardown" finished-at="2024-03-05T11:26:46 IST" duration-ms="1079" status="PASS">
          <reporter-output>
          </reporter-output>
        </test-method> <!-- teardown -->
        <test-method is-config="true" signature="Setup()[pri:0, instance:automation.commerce.Register@3b0fe47a]" started-at="2024-03-05T11:26:46 IST" name="Setup" finished-at="2024-03-05T11:26:50 IST" duration-ms="4730" status="PASS">
          <reporter-output>
          </reporter-output>
        </test-method> <!-- Setup -->
        <test-method signature="withoutprovideing()[pri:4, instance:automation.commerce.Register@3b0fe47a]" started-at="2024-03-05T11:26:50 IST" name="withoutprovideing" finished-at="2024-03-05T11:26:51 IST" duration-ms="499" status="PASS">
          <reporter-output>
          </reporter-output>
        </test-method> <!-- withoutprovideing -->
        <test-method is-config="true" signature="teardown()[pri:0, instance:automation.commerce.Register@3b0fe47a]" started-at="2024-03-05T11:26:51 IST" name="teardown" finished-at="2024-03-05T11:26:52 IST" duration-ms="1106" status="PASS">
          <reporter-output>
          </reporter-output>
        </test-method> <!-- teardown -->
      </class> <!-- automation.commerce.Register -->
    </test> <!-- Test -->
  </suite> <!-- Suite -->
</testng-results>
